<?xml version="1.0" encoding="utf-8"?><testsuites name="pytest tests"><testsuite name="pytest" errors="0" failures="0" skipped="0" tests="18" time="1.413" timestamp="2026-09-23T05:26:42.948053+00:00" hostname="runnervmtr4k5"><properties><property name="hypothesis-statistics-demo/list_03/tests/test_functional.py::test_bst_insert_property" value="ZGVtby9saXN0XzAzL3Rlc3RzL3Rlc3RfZnVuY3Rpb25hbC5weTo6dGVzdF9ic3RfaW5zZXJ0X3Byb3BlcnR5OgoKICAtIGR1cmluZyBnZW5lcmF0ZSBwaGFzZSAoMC4wNyBzZWNvbmRzKToKICAgIC0gVHlwaWNhbCBydW50aW1lczogPCAxbXMsIG9mIHdoaWNoIDwgMW1zIGluIGRhdGEgZ2VuZXJhdGlvbgogICAgLSAxMDAgcGFzc2luZywgMCBmYWlsaW5nLCBhbmQgMjEgaW52YWxpZCB0ZXN0IGNhc2VzCgogIC0gU3RvcHBlZCBiZWNhdXNlIHNldHRpbmdzLm1heF9leGFtcGxlcz0xMDA=" /><property name="hypothesis-statistics-demo/list_03/tests/test_functional.py::test_bst_contains_property" value="ZGVtby9saXN0XzAzL3Rlc3RzL3Rlc3RfZnVuY3Rpb25hbC5weTo6dGVzdF9ic3RfY29udGFpbnNfcHJvcGVydHk6CgogIC0gZHVyaW5nIGdlbmVyYXRlIHBoYXNlICgwLjA2IHNlY29uZHMpOgogICAgLSBUeXBpY2FsIHJ1bnRpbWVzOiA8IDFtcywgb2Ygd2hpY2ggPCAxbXMgaW4gZGF0YSBnZW5lcmF0aW9uCiAgICAtIDEwMCBwYXNzaW5nLCAwIGZhaWxpbmcsIGFuZCAxOCBpbnZhbGlkIHRlc3QgY2FzZXMKCiAgLSBTdG9wcGVkIGJlY2F1c2Ugc2V0dGluZ3MubWF4X2V4YW1wbGVzPTEwMA==" /><property name="hypothesis-statistics-demo/list_03/tests/test_functional.py::test_inorder_property" value="ZGVtby9saXN0XzAzL3Rlc3RzL3Rlc3RfZnVuY3Rpb25hbC5weTo6dGVzdF9pbm9yZGVyX3Byb3BlcnR5OgoKICAtIGR1cmluZyBnZW5lcmF0ZSBwaGFzZSAoMC4wNSBzZWNvbmRzKToKICAgIC0gVHlwaWNhbCBydW50aW1lczogPCAxbXMsIG9mIHdoaWNoIDwgMW1zIGluIGRhdGEgZ2VuZXJhdGlvbgogICAgLSAxMDAgcGFzc2luZywgMCBmYWlsaW5nLCBhbmQgMjAgaW52YWxpZCB0ZXN0IGNhc2VzCgogIC0gU3RvcHBlZCBiZWNhdXNlIHNldHRpbmdzLm1heF9leGFtcGxlcz0xMDA=" /><property name="hypothesis-statistics-demo/list_03/tests/test_functional.py::test_avl_insert_property" value="ZGVtby9saXN0XzAzL3Rlc3RzL3Rlc3RfZnVuY3Rpb25hbC5weTo6dGVzdF9hdmxfaW5zZXJ0X3Byb3BlcnR5OgoKICAtIGR1cmluZyBnZW5lcmF0ZSBwaGFzZSAoMC4wNSBzZWNvbmRzKToKICAgIC0gVHlwaWNhbCBydW50aW1lczogPCAxbXMsIG9mIHdoaWNoIDwgMW1zIGluIGRhdGEgZ2VuZXJhdGlvbgogICAgLSAxMDAgcGFzc2luZywgMCBmYWlsaW5nLCBhbmQgMzEgaW52YWxpZCB0ZXN0IGNhc2VzCgogIC0gU3RvcHBlZCBiZWNhdXNlIHNldHRpbmdzLm1heF9leGFtcGxlcz0xMDA=" /></properties><testcase classname="demo.list_03.tests.test_ast" name="test_reference_has_no_methodological_findings" time="0.004" /><testcase classname="demo.list_03.tests.test_behavior" name="test_balanced_bst_search_is_path_limited" time="0.010" /><testcase classname="demo.list_03.tests.test_behavior" name="test_degenerate_bst_search_exposes_height_dependency" time="0.009" /><testcase classname="demo.list_03.tests.test_behavior" name="test_bst_insert_is_local" time="0.009" /><testcase classname="demo.list_03.tests.test_behavior" name="test_global_validator_rejects_deep_violation" time="0.009" /><testcase classname="demo.list_03.tests.test_behavior" name="test_avl_insert_uses_local_updates" time="0.020" /><testcase classname="demo.list_03.tests.test_complexity" name="test_balanced_search_stays_logarithmic_scale" time="0.021" /><testcase classname="demo.list_03.tests.test_complexity" name="test_skewed_search_is_linear_in_height" time="0.020" /><testcase classname="demo.list_03.tests.test_complexity" name="test_avl_allocations_are_linear_across_insert_sequence" time="0.033" /><testcase classname="demo.list_03.tests.test_functional" name="test_bst_insert_property" time="0.072" /><testcase classname="demo.list_03.tests.test_functional" name="test_bst_contains_property" time="0.060" /><testcase classname="demo.list_03.tests.test_functional" name="test_inorder_property" time="0.049" /><testcase classname="demo.list_03.tests.test_functional" name="test_avl_insert_property" time="0.052" /><testcase classname="demo.list_03.tests.test_functional" name="test_global_bst_violation" time="0.000" /><testcase classname="demo.list_03.tests.test_functional" name="test_height_convention" time="0.000" /><testcase classname="demo.list_03.tests.test_sample_profiles" name="test_strong_profile_is_clean" time="0.052" /><testcase classname="demo.list_03.tests.test_sample_profiles" name="test_functionally_correct_but_inefficient_profile_is_detected" time="0.133" /><testcase classname="demo.list_03.tests.test_sample_profiles" name="test_weak_profile_has_structural_and_correctness_defects" time="0.063" /></testsuite></testsuites>