<?xml version="1.0" encoding="utf-8"?><testsuites name="pytest tests"><testsuite name="pytest" errors="0" failures="0" skipped="0" tests="18" time="2.389" timestamp="2026-09-23T05:14:31.034937+00:00" hostname="runnervmlun5p"><properties><property name="hypothesis-statistics-demo/list_03/tests/test_functional.py::test_bst_insert_property" value="ZGVtby9saXN0XzAzL3Rlc3RzL3Rlc3RfZnVuY3Rpb25hbC5weTo6dGVzdF9ic3RfaW5zZXJ0X3Byb3BlcnR5OgoKICAtIGR1cmluZyBnZW5lcmF0ZSBwaGFzZSAoMC4xMiBzZWNvbmRzKToKICAgIC0gVHlwaWNhbCBydW50aW1lczogPCAxbXMsIG9mIHdoaWNoIDwgMW1zIGluIGRhdGEgZ2VuZXJhdGlvbgogICAgLSAxMDAgcGFzc2luZywgMCBmYWlsaW5nLCBhbmQgMjEgaW52YWxpZCB0ZXN0IGNhc2VzCgogIC0gU3RvcHBlZCBiZWNhdXNlIHNldHRpbmdzLm1heF9leGFtcGxlcz0xMDA=" /><property name="hypothesis-statistics-demo/list_03/tests/test_functional.py::test_bst_contains_property" value="ZGVtby9saXN0XzAzL3Rlc3RzL3Rlc3RfZnVuY3Rpb25hbC5weTo6dGVzdF9ic3RfY29udGFpbnNfcHJvcGVydHk6CgogIC0gZHVyaW5nIGdlbmVyYXRlIHBoYXNlICgwLjEyIHNlY29uZHMpOgogICAgLSBUeXBpY2FsIHJ1bnRpbWVzOiB+IDAtMSBtcywgb2Ygd2hpY2ggPCAxbXMgaW4gZGF0YSBnZW5lcmF0aW9uCiAgICAtIDEwMCBwYXNzaW5nLCAwIGZhaWxpbmcsIGFuZCAxOCBpbnZhbGlkIHRlc3QgY2FzZXMKCiAgLSBTdG9wcGVkIGJlY2F1c2Ugc2V0dGluZ3MubWF4X2V4YW1wbGVzPTEwMA==" /><property name="hypothesis-statistics-demo/list_03/tests/test_functional.py::test_inorder_property" value="ZGVtby9saXN0XzAzL3Rlc3RzL3Rlc3RfZnVuY3Rpb25hbC5weTo6dGVzdF9pbm9yZGVyX3Byb3BlcnR5OgoKICAtIGR1cmluZyBnZW5lcmF0ZSBwaGFzZSAoMC4wOSBzZWNvbmRzKToKICAgIC0gVHlwaWNhbCBydW50aW1lczogPCAxbXMsIG9mIHdoaWNoIDwgMW1zIGluIGRhdGEgZ2VuZXJhdGlvbgogICAgLSAxMDAgcGFzc2luZywgMCBmYWlsaW5nLCBhbmQgMjAgaW52YWxpZCB0ZXN0IGNhc2VzCgogIC0gU3RvcHBlZCBiZWNhdXNlIHNldHRpbmdzLm1heF9leGFtcGxlcz0xMDA=" /><property name="hypothesis-statistics-demo/list_03/tests/test_functional.py::test_avl_insert_property" value="ZGVtby9saXN0XzAzL3Rlc3RzL3Rlc3RfZnVuY3Rpb25hbC5weTo6dGVzdF9hdmxfaW5zZXJ0X3Byb3BlcnR5OgoKICAtIGR1cmluZyBnZW5lcmF0ZSBwaGFzZSAoMC4xMCBzZWNvbmRzKToKICAgIC0gVHlwaWNhbCBydW50aW1lczogPCAxbXMsIG9mIHdoaWNoIDwgMW1zIGluIGRhdGEgZ2VuZXJhdGlvbgogICAgLSAxMDAgcGFzc2luZywgMCBmYWlsaW5nLCBhbmQgMzEgaW52YWxpZCB0ZXN0IGNhc2VzCgogIC0gU3RvcHBlZCBiZWNhdXNlIHNldHRpbmdzLm1heF9leGFtcGxlcz0xMDA=" /></properties><testcase classname="demo.list_03.tests.test_ast" name="test_reference_has_no_methodological_findings" time="0.007" /><testcase classname="demo.list_03.tests.test_behavior" name="test_balanced_bst_search_is_path_limited" time="0.018" /><testcase classname="demo.list_03.tests.test_behavior" name="test_degenerate_bst_search_exposes_height_dependency" time="0.017" /><testcase classname="demo.list_03.tests.test_behavior" name="test_bst_insert_is_local" time="0.017" /><testcase classname="demo.list_03.tests.test_behavior" name="test_global_validator_rejects_deep_violation" time="0.017" /><testcase classname="demo.list_03.tests.test_behavior" name="test_avl_insert_uses_local_updates" time="0.028" /><testcase classname="demo.list_03.tests.test_complexity" name="test_balanced_search_stays_logarithmic_scale" time="0.037" /><testcase classname="demo.list_03.tests.test_complexity" name="test_skewed_search_is_linear_in_height" time="0.037" /><testcase classname="demo.list_03.tests.test_complexity" name="test_avl_allocations_are_linear_across_insert_sequence" time="0.058" /><testcase classname="demo.list_03.tests.test_functional" name="test_bst_insert_property" time="0.127" /><testcase classname="demo.list_03.tests.test_functional" name="test_bst_contains_property" time="0.121" /><testcase classname="demo.list_03.tests.test_functional" name="test_inorder_property" time="0.097" /><testcase classname="demo.list_03.tests.test_functional" name="test_avl_insert_property" time="0.104" /><testcase classname="demo.list_03.tests.test_functional" name="test_global_bst_violation" time="0.001" /><testcase classname="demo.list_03.tests.test_functional" name="test_height_convention" time="0.001" /><testcase classname="demo.list_03.tests.test_sample_profiles" name="test_strong_profile_is_clean" time="0.081" /><testcase classname="demo.list_03.tests.test_sample_profiles" name="test_functionally_correct_but_inefficient_profile_is_detected" time="0.228" /><testcase classname="demo.list_03.tests.test_sample_profiles" name="test_weak_profile_has_structural_and_correctness_defects" time="0.097" /></testsuite></testsuites>