============================= test session starts ==============================
platform linux -- Python 3.12.14, pytest-9.1.1, pluggy-1.6.0 -- /opt/hostedtoolcache/Python/3.12.14/x64/bin/python
cachedir: .pytest_cache
hypothesis profile 'ci' -> database=None, deadline=None, print_blob=True, derandomize=True, suppress_health_check=(HealthCheck.too_slow,)
rootdir: /home/runner/work/Vizja-2026-algorithms-students-repo-test/Vizja-2026-algorithms-students-repo-test
configfile: pytest.ini
plugins: timeout-2.4.0, hypothesis-6.168.1
timeout: 5.0s
timeout method: signal
timeout func_only: False
collecting ... collected 18 items

demo/list_03/tests/test_ast.py::test_reference_has_no_methodological_findings PASSED [  5%]
demo/list_03/tests/test_behavior.py::test_balanced_bst_search_is_path_limited PASSED [ 11%]
demo/list_03/tests/test_behavior.py::test_degenerate_bst_search_exposes_height_dependency PASSED [ 16%]
demo/list_03/tests/test_behavior.py::test_bst_insert_is_local PASSED     [ 22%]
demo/list_03/tests/test_behavior.py::test_global_validator_rejects_deep_violation PASSED [ 27%]
demo/list_03/tests/test_behavior.py::test_avl_insert_uses_local_updates PASSED [ 33%]
demo/list_03/tests/test_complexity.py::test_balanced_search_stays_logarithmic_scale PASSED [ 38%]
demo/list_03/tests/test_complexity.py::test_skewed_search_is_linear_in_height PASSED [ 44%]
demo/list_03/tests/test_complexity.py::test_avl_allocations_are_linear_across_insert_sequence PASSED [ 50%]
demo/list_03/tests/test_functional.py::test_bst_insert_property PASSED   [ 55%]
demo/list_03/tests/test_functional.py::test_bst_contains_property PASSED [ 61%]
demo/list_03/tests/test_functional.py::test_inorder_property PASSED      [ 66%]
demo/list_03/tests/test_functional.py::test_avl_insert_property PASSED   [ 72%]
demo/list_03/tests/test_functional.py::test_global_bst_violation PASSED  [ 77%]
demo/list_03/tests/test_functional.py::test_height_convention PASSED     [ 83%]
demo/list_03/tests/test_sample_profiles.py::test_strong_profile_is_clean PASSED [ 88%]
demo/list_03/tests/test_sample_profiles.py::test_functionally_correct_but_inefficient_profile_is_detected PASSED [ 94%]
demo/list_03/tests/test_sample_profiles.py::test_weak_profile_has_structural_and_correctness_defects PASSED [100%]

- generated xml file: /home/runner/work/Vizja-2026-algorithms-students-repo-test/Vizja-2026-algorithms-students-repo-test/artifacts/junit.xml -
============================== 18 passed in 1.41s ==============================
