<?xml version="1.0" encoding="utf-8"?><testsuites name="pytest tests"><testsuite name="pytest" errors="0" failures="0" skipped="0" tests="31" time="5.581" timestamp="2026-09-23T04:53:55.218535+00:00" hostname="runnervmtr4k5"><properties>
[...]
</properties><testcase classname="demo.list_02.tests.test_ast" name="test_binary_search_structure" time="0.003" /><testcase classname="demo.list_02.tests.test_ast" name="test_insertion_sort_structure" time="0.002" /><testcase classname="demo.list_02.tests.test_ast" name="test_selection_sort_structure" time="0.002" /><testcase classname="demo.list_02.tests.test_ast" name="test_merge_sorted_structure" time="0.003" /><testcase classname="demo.list_02.tests.test_ast" name="test_merge_sort_structure" time="0.002" /><testcase classname="demo.list_02.tests.test_ast" name="test_quick_sort_structure" time="0.003" /><testcase classname="demo.list_02.tests.test_behavior" name="test_binary_search_has_logarithmic_access_pattern" time="0.002" /><testcase classname="demo.list_02.tests.test_behavior" name="test_insertion_sort_is_stable_and_adaptive" time="0.001" /><testcase classname="demo.list_02.tests.test_behavior" name="test_selection_sort_has_canonical_comparison_count_and_limited_writes" time="0.007" /><testcase classname="demo.list_02.tests.test_behavior" name="test_merge_sorted_is_stable_and_does_not_mutate_inputs" time="0.001" /><testcase classname="demo.list_02.tests.test_behavior" name="test_merge_sort_is_stable_and_preserves_input" time="0.000" /><testcase classname="demo.list_02.tests.test_behavior" name="test_quick_sort_is_in_place_without_slicing" time="0.003" /><testcase classname="demo.list_02.tests.test_complexity" name="test_insertion_sort_worst_case_is_quadratic" time="0.179" /><testcase classname="demo.list_02.tests.test_complexity" name="test_insertion_sort_sorted_input_is_adaptive" time="0.002" /><testcase classname="demo.list_02.tests.test_complexity" name="test_selection_sort_comparisons_are_quadratic" time="0.134" /><testcase classname="demo.list_02.tests.test_complexity" name="test_merge_sorted_comparison_growth_is_linear" time="0.011" /><testcase classname="demo.list_02.tests.test_complexity" name="test_merge_sort_comparison_growth_is_nlogn_like" time="0.011" /><testcase classname="demo.list_02.tests.test_complexity" name="test_quick_sort_comparison_growth_is_nlogn_like_on_shuffled_input" time="0.030" /><testcase classname="demo.list_02.tests.test_functional" name="test_binary_search_property" time="0.151" /><testcase classname="demo.list_02.tests.test_functional" name="test_binary_search_duplicate_is_leftmost" time="0.001" /><testcase classname="demo.list_02.tests.test_functional" name="test_insertion_sort_property" time="0.118" /><testcase classname="demo.list_02.tests.test_functional" name="test_insertion_sort_stability" time="0.001" /><testcase classname="demo.list_02.tests.test_functional" name="test_selection_sort_property" time="0.130" /><testcase classname="demo.list_02.tests.test_functional" name="test_merge_sorted_property" time="0.182" /><testcase classname="demo.list_02.tests.test_functional" name="test_merge_sorted_stability" time="0.001" /><testcase classname="demo.list_02.tests.test_functional" name="test_merge_sort_property" time="0.106" /><testcase classname="demo.list_02.tests.test_functional" name="test_merge_sort_stability" time="0.001" /><testcase classname="demo.list_02.tests.test_functional" name="test_quick_sort_property" time="0.115" /><testcase classname="demo.list_02.tests.test_sample_profiles" name="test_strong_profile_is_clean" time="0.448" /><testcase classname="demo.list_02.tests.test_sample_profiles" name="test_functionally_correct_but_inefficient_profile_is_detected" time="2.044" /><testcase classname="demo.list_02.tests.test_sample_profiles" name="test_weak_profile_has_correctness_and_method_defects" time="0.386" /></testsuite></testsuites>