<?xml version="1.0" encoding="utf-8"?><testsuites name="pytest tests"><testsuite name="pytest" errors="0" failures="0" skipped="0" tests="58" time="1.599" timestamp="2026-09-23T04:35:18.560595+00:00" hostname="runnervmlun5p"><properties><property name="hypothesis-statistics-demo/list_01/tests/test_functional.py::test_clamp_property" value="ZGVtby9saXN0XzAxL3Rlc3RzL3Rlc3RfZnVuY3Rpb25hbC5weTo6dGVzdF9jbGFtcF9wcm9wZXJ0eToKCiAgLSBkdXJpbmcgZ2VuZXJhdGUgcGhhc2UgKDAuMDggc2Vjb25kcyk6CiAgICAtIFR5cGljYWwgcnVudGltZXM6IDwgMW1zLCBvZiB3aGljaCA8IDFtcyBpbiBkYXRhIGdlbmVyYXRpb24KICAgIC0gMTAwIHBhc3NpbmcsIDAgZmFpbGluZywgYW5kIDAgaW52YWxpZCB0ZXN0IGNhc2VzCgogIC0gU3RvcHBlZCBiZWNhdXNlIHNldHRpbmdzLm1heF9leGFtcGxlcz0xMDA=" /><property name="hypothesis-statistics-demo/list_01/tests/test_functional.py::test_first_index_property" value="ZGVtby9saXN0XzAxL3Rlc3RzL3Rlc3RfZnVuY3Rpb25hbC5weTo6dGVzdF9maXJzdF9pbmRleF9wcm9wZXJ0eToKCiAgLSBkdXJpbmcgZ2VuZXJhdGUgcGhhc2UgKDAuMDggc2Vjb25kcyk6CiAgICAtIFR5cGljYWwgcnVudGltZXM6IDwgMW1zLCBvZiB3aGljaCA8IDFtcyBpbiBkYXRhIGdlbmVyYXRpb24KICAgIC0gMTAwIHBhc3NpbmcsIDAgZmFpbGluZywgYW5kIDE3IGludmFsaWQgdGVzdCBjYXNlcwoKICAtIFN0b3BwZWQgYmVjYXVzZSBzZXR0aW5ncy5tYXhfZXhhbXBsZXM9MTAw" /><property name="hypothesis-statistics-demo/list_01/tests/test_functional.py::test_min_max_property" value="ZGVtby9saXN0XzAxL3Rlc3RzL3Rlc3RfZnVuY3Rpb25hbC5weTo6dGVzdF9taW5fbWF4X3Byb3BlcnR5OgoKICAtIGR1cmluZyBnZW5lcmF0ZSBwaGFzZSAoMC4wOCBzZWNvbmRzKToKICAgIC0gVHlwaWNhbCBydW50aW1lczogPCAxbXMsIG9mIHdoaWNoIDwgMW1zIGluIGRhdGEgZ2VuZXJhdGlvbgogICAgLSAxMDAgcGFzc2luZywgMCBmYWlsaW5nLCBhbmQgMTcgaW52YWxpZCB0ZXN0IGNhc2VzCgogIC0gU3RvcHBlZCBiZWNhdXNlIHNldHRpbmdzLm1heF9leGFtcGxlcz0xMDA=" /><property name="hypothesis-statistics-demo/list_01/tests/test_functional.py::test_analyse_scores_property" value="ZGVtby9saXN0XzAxL3Rlc3RzL3Rlc3RfZnVuY3Rpb25hbC5weTo6dGVzdF9hbmFseXNlX3Njb3Jlc19wcm9wZXJ0eToKCiAgLSBkdXJpbmcgZ2VuZXJhdGUgcGhhc2UgKDAuMDcgc2Vjb25kcyk6CiAgICAtIFR5cGljYWwgcnVudGltZXM6IDwgMW1zLCBvZiB3aGljaCA8IDFtcyBpbiBkYXRhIGdlbmVyYXRpb24KICAgIC0gMTAwIHBhc3NpbmcsIDAgZmFpbGluZywgYW5kIDEyIGludmFsaWQgdGVzdCBjYXNlcwoKICAtIFN0b3BwZWQgYmVjYXVzZSBzZXR0aW5ncy5tYXhfZXhhbXBsZXM9MTAw" /></properties><testcase classname="demo.list_01.tests.test_ast" name="test_no_import_shortcuts" time="0.002" /><testcase classname="demo.list_01.tests.test_ast" name="test_clamp_structure" time="0.001" /><testcase classname="demo.list_01.tests.test_ast" name="test_first_index_structure" time="0.001" /><testcase classname="demo.list_01.tests.test_ast" name="test_min_max_structure" time="0.001" /><testcase classname="demo.list_01.tests.test_ast" name="test_reverse_structure" time="0.001" /><testcase classname="demo.list_01.tests.test_ast" name="test_running_sum_structure" time="0.001" /><testcase classname="demo.list_01.tests.test_ast" name="test_analyse_scores_structure" time="0.001" /><testcase classname="demo.list_01.tests.test_behavior" name="test_first_index_stops_after_first_match" time="0.001" /><testcase classname="demo.list_01.tests.test_behavior" name="test_min_max_does_not_copy_or_mutate" time="0.001" /><testcase classname="demo.list_01.tests.test_behavior" name="test_reverse_is_in_place_and_linear" time="0.000" /><testcase classname="demo.list_01.tests.test_behavior" name="test_running_sum_early_exit" time="0.000" /><testcase classname="demo.list_01.tests.test_behavior" name="test_analyse_scores_is_single_pass_in_behavior" time="0.000" /><testcase classname="demo.list_01.tests.test_complexity" name="test_linear_read_growth[first_index-args0]" time="0.001" /><testcase classname="demo.list_01.tests.test_complexity" name="test_linear_read_growth[min_max-args1]" time="0.001" /><testcase classname="demo.list_01.tests.test_complexity" name="test_linear_read_growth[first_negative_running_sum-args2]" time="0.001" /><testcase classname="demo.list_01.tests.test_complexity" name="test_analyse_scores_linear_read_growth" time="0.001" /><testcase classname="demo.list_01.tests.test_functional" name="test_clamp_examples[5-0-10-5]" time="0.001" /><testcase classname="demo.list_01.tests.test_functional" name="test_clamp_examples[-4-0-10-0]" time="0.001" /><testcase classname="demo.list_01.tests.test_functional" name="test_clamp_examples[14-0-10-10]" time="0.000" /><testcase classname="demo.list_01.tests.test_functional" name="test_clamp_examples[0-0-10-0]" time="0.000" /><testcase classname="demo.list_01.tests.test_functional" name="test_clamp_examples[10-0-10-10]" time="0.000" /><testcase classname="demo.list_01.tests.test_functional" name="test_clamp_examples[-5--10--1--5]" time="0.000" /><testcase classname="demo.list_01.tests.test_functional" name="test_clamp_property" time="0.082" /><testcase classname="demo.list_01.tests.test_functional" name="test_first_index_examples[values0-3--1]" time="0.001" /><testcase classname="demo.list_01.tests.test_functional" name="test_first_index_examples[values1-3-0]" time="0.001" /><testcase classname="demo.list_01.tests.test_functional" name="test_first_index_examples[values2-3-2]" time="0.001" /><testcase classname="demo.list_01.tests.test_functional" name="test_first_index_examples[values3-3-1]" time="0.000" /><testcase classname="demo.list_01.tests.test_functional" name="test_first_index_examples[values4-1-0]" time="0.000" /><testcase classname="demo.list_01.tests.test_functional" name="test_first_index_examples[values5-9--1]" time="0.001" /><testcase classname="demo.list_01.tests.test_functional" name="test_first_index_property" time="0.079" /><testcase classname="demo.list_01.tests.test_functional" name="test_min_max_examples[values0-expected0]" time="0.001" /><testcase classname="demo.list_01.tests.test_functional" name="test_min_max_examples[values1-expected1]" time="0.001" /><testcase classname="demo.list_01.tests.test_functional" name="test_min_max_examples[values2-expected2]" time="0.000" /><testcase classname="demo.list_01.tests.test_functional" name="test_min_max_examples[values3-expected3]" time="0.000" /><testcase classname="demo.list_01.tests.test_functional" name="test_min_max_examples[values4-expected4]" time="0.000" /><testcase classname="demo.list_01.tests.test_functional" name="test_min_max_empty" time="0.000" /><testcase classname="demo.list_01.tests.test_functional" name="test_min_max_property" time="0.084" /><testcase classname="demo.list_01.tests.test_functional" name="test_reverse_in_place[values0]" time="0.000" /><testcase classname="demo.list_01.tests.test_functional" name="test_reverse_in_place[values1]" time="0.000" /><testcase classname="demo.list_01.tests.test_functional" name="test_reverse_in_place[values2]" time="0.000" /><testcase classname="demo.list_01.tests.test_functional" name="test_reverse_in_place[values3]" time="0.000" /><testcase classname="demo.list_01.tests.test_functional" name="test_reverse_in_place[values4]" time="0.000" /><testcase classname="demo.list_01.tests.test_functional" name="test_reverse_in_place[values5]" time="0.000" /><testcase classname="demo.list_01.tests.test_functional" name="test_first_negative_running_sum[values0--1]" time="0.000" /><testcase classname="demo.list_01.tests.test_functional" name="test_first_negative_running_sum[values1-0]" time="0.000" /><testcase classname="demo.list_01.tests.test_functional" name="test_first_negative_running_sum[values2--1]" time="0.001" /><testcase classname="demo.list_01.tests.test_functional" name="test_first_negative_running_sum[values3-3]" time="0.000" /><testcase classname="demo.list_01.tests.test_functional" name="test_first_negative_running_sum[values4-2]" time="0.000" /><testcase classname="demo.list_01.tests.test_functional" name="test_analyse_scores_examples" time="0.000" /><testcase classname="demo.list_01.tests.test_functional" name="test_analyse_scores_invalid[scores0-50]" time="0.000" /><testcase classname="demo.list_01.tests.test_functional" name="test_analyse_scores_invalid[scores1-50]" time="0.000" /><testcase classname="demo.list_01.tests.test_functional" name="test_analyse_scores_invalid[scores2-50]" time="0.000" /><testcase classname="demo.list_01.tests.test_functional" name="test_analyse_scores_invalid[scores3--1]" time="0.000" /><testcase classname="demo.list_01.tests.test_functional" name="test_analyse_scores_invalid[scores4-101]" time="0.000" /><testcase classname="demo.list_01.tests.test_functional" name="test_analyse_scores_property" time="0.074" /><testcase classname="demo.list_01.tests.test_sample_profiles" name="test_strong_profile_is_clean" time="0.044" /><testcase classname="demo.list_01.tests.test_sample_profiles" name="test_functionally_correct_profile_exposes_method_issues" time="0.019" /><testcase classname="demo.list_01.tests.test_sample_profiles" name="test_weak_profile_has_correctness_and_method_problems" time="0.327" /></testsuite></testsuites>